Wed 21 Dec 22:45:27|listen *:58031[tcp4] for http success
Wed 21 Dec 22:45:27|Cann't listen *:58031[tcp4] for http ,errno=22
Wed 21 Dec 22:45:27|listen *:3311[tcp4] for manage success
Wed 21 Dec 22:45:27|Cann't listen *:3311[tcp4] for manage ,errno=22
Wed 21 Dec 22:45:27|Start success [pid=5452].
Wed 21 Dec 22:47:43|Cann't listen *:58031[tcp4] for http ,errno=22
Wed 21 Dec 22:47:43|Cann't listen *:58031[tcp4] for http ,errno=22
Wed 21 Dec 22:47:43|Cann't listen *:3311[tcp4] for manage ,errno=22
Wed 21 Dec 22:47:43|Cann't listen *:3311[tcp4] for manage ,errno=22
Wed 21 Dec 22:47:43|No any listen , program start failed
Wed 21 Dec 22:56:04|listen *:58031[tcp4] for http success
Wed 21 Dec 22:56:04|Cann't listen *:58031[tcp4] for http ,errno=22
Wed 21 Dec 22:56:04|listen *:3311[tcp4] for manage success
Wed 21 Dec 22:56:04|Cann't listen *:3311[tcp4] for manage ,errno=22
Wed 21 Dec 22:56:04|Start success [pid=4264].
Wed 21 Dec 23:02:48|listen *:58031[tcp4] for http success
Wed 21 Dec 23:02:48|Cann't listen *:58031[tcp4] for http ,errno=22
Wed 21 Dec 23:02:49|listen *:3311[tcp4] for manage success
Wed 21 Dec 23:02:49|Cann't listen *:3311[tcp4] for manage ,errno=22
Wed 21 Dec 23:02:49|Start success [pid=5488].
Wed 21 Dec 23:03:14|listen *:58031[tcp4] for http success
Wed 21 Dec 23:03:14|Cann't listen *:58031[tcp4] for http ,errno=22
Wed 21 Dec 23:03:14|listen *:3311[tcp4] for manage success
Wed 21 Dec 23:03:14|Cann't listen *:3311[tcp4] for manage ,errno=22
Wed 21 Dec 23:03:14|Start success [pid=3660].
Wed 21 Dec 23:08:52|listen *:58031[tcp4] for http success
Wed 21 Dec 23:08:52|Cann't listen *:58031[tcp4] for http ,errno=22
Wed 21 Dec 23:08:52|listen *:3311[tcp4] for manage success
Wed 21 Dec 23:08:52|Cann't listen *:3311[tcp4] for manage ,errno=22
Wed 21 Dec 23:08:52|Start success [pid=5068].
Wed 21 Dec 23:08:52|now create process ["C:\Documents and Settings\Administrator\桌面\Kangle3\bin\extworker.exe"]
Thu 22 Dec 10:16:55|listen *:58031[tcp4] for http success
Thu 22 Dec 10:16:55|Cann't listen *:58031[tcp4] for http ,errno=22
Thu 22 Dec 10:16:55|listen *:3311[tcp4] for manage success
Thu 22 Dec 10:16:55|Cann't listen *:3311[tcp4] for manage ,errno=22
Thu 22 Dec 10:16:55|Start success [pid=6004].
Thu 22 Dec 10:17:05|listen *:58031[tcp4] for http success
Thu 22 Dec 10:17:05|Cann't listen *:58031[tcp4] for http ,errno=22
Thu 22 Dec 10:17:05|listen *:3311[tcp4] for manage success
Thu 22 Dec 10:17:05|Cann't listen *:3311[tcp4] for manage ,errno=22
Thu 22 Dec 10:17:05|Start success [pid=3756].
Thu 22 Dec 10:17:05|now create process ["C:\Documents and Settings\Administrator\桌面\Kangle3\bin\extworker.exe"]
Thu 22 Dec 10:20:51|listen *:58031[tcp4] for http success
Thu 22 Dec 10:20:51|Cann't listen *:58031[tcp4] for http ,errno=22
Thu 22 Dec 10:20:51|listen *:3311[tcp4] for manage success
Thu 22 Dec 10:20:51|Cann't listen *:3311[tcp4] for manage ,errno=22
Thu 22 Dec 10:20:51|Start success [pid=1640].
Thu 22 Dec 10:20:51|now create process ["C:\Documents and Settings\Administrator\桌面\Kangle3\bin\extworker.exe"]
Thu 22 Dec 12:16:27|listen *:58031[tcp6] for http success
Thu 22 Dec 12:16:27|listen *:58031[tcp4] for http success
Thu 22 Dec 12:16:27|listen *:3311[tcp6] for manage success
Thu 22 Dec 12:16:27|listen *:3311[tcp4] for manage success
Thu 22 Dec 12:16:27|Start success [pid=2460].
Thu 22 Dec 12:16:27|now create process ["D:\更新\aspWebServer\bin\extworker.exe"]
Tue 20 Nov 10:46:09|listen *:58031[tcp4] for http success
Tue 20 Nov 10:46:09|Cann't listen *:58031[tcp4] for http ,errno=22
Tue 20 Nov 10:46:09|listen *:3311[tcp4] for manage success
Tue 20 Nov 10:46:09|Cann't listen *:3311[tcp4] for manage ,errno=22
Tue 20 Nov 10:46:09|Start success [pid=4980].
Sun 15 Nov 10:20:46|listen *:58031[tcp6] for http success
Sun 15 Nov 10:20:46|listen *:58031[tcp4] for http success
Sun 15 Nov 10:20:46|listen *:3311[tcp6] for manage success
Sun 15 Nov 10:20:46|listen *:3311[tcp4] for manage success
Sun 15 Nov 10:20:46|Start success [pid=8508].
Sun 15 Nov 10:20:46|now create process ["I:\TDDOWNLOAD\aspWebServer\bin\extworker.exe"]
Sun 15 Nov 10:21:43|listen *:58031[tcp6] for http success
Sun 15 Nov 10:21:43|listen *:58031[tcp4] for http success
Sun 15 Nov 10:21:43|listen *:3311[tcp6] for manage success
Sun 15 Nov 10:21:43|listen *:3311[tcp4] for manage success
Sun 15 Nov 10:21:43|Start success [pid=8700].
Sun 15 Nov 10:21:44|now create process ["I:\TDDOWNLOAD\aspWebServer\bin\extworker.exe"]
Sun 15 Nov 11:11:29|listen *:58031[tcp6] for http success
Sun 15 Nov 11:11:29|listen *:58031[tcp4] for http success
Sun 15 Nov 11:11:29|listen *:3311[tcp6] for manage success
Sun 15 Nov 11:11:29|listen *:3311[tcp4] for manage success
Sun 15 Nov 11:11:29|Start success [pid=7484].
Sun 15 Nov 11:11:29|now create process ["I:\TDDOWNLOAD\aspWebServer\bin\extworker.exe"]
Sat 24 Dec 19:34:20|listen *:58031[tcp6] for http success
Sat 24 Dec 19:34:20|listen *:58031[tcp4] for http success
Sat 24 Dec 19:34:20|listen *:3311[tcp6] for manage success
Sat 24 Dec 19:34:20|listen *:3311[tcp4] for manage success
Sat 24 Dec 19:34:20|Start success [pid=6104].
Sat 24 Dec 19:34:23|now create process ["I:\TDDOWNLOAD\aspWebServer\bin\extworker.exe"]
Sat 24 Dec 20:04:11|listen *:58031[tcp6] for http success
Sat 24 Dec 20:04:11|listen *:58031[tcp4] for http success
Sat 24 Dec 20:04:11|listen *:3311[tcp6] for manage success
Sat 24 Dec 20:04:11|listen *:3311[tcp4] for manage success
Sat 24 Dec 20:04:11|Start success [pid=3824].
Sat 24 Dec 20:04:14|now create process ["I:\TDDOWNLOAD\aspWebServer\bin\extworker.exe"]
Sat 24 Dec 21:48:21|listen *:58031[tcp6] for http success
Sat 24 Dec 21:48:21|listen *:58031[tcp4] for http success
Sat 24 Dec 21:48:21|listen *:3311[tcp6] for manage success
Sat 24 Dec 21:48:21|listen *:3311[tcp4] for manage success
Sat 24 Dec 21:48:21|Start success [pid=5660].
Sat 24 Dec 21:48:22|now create process ["I:\TDDOWNLOAD\aspWebServer\bin\extworker.exe"]
Sat 24 Dec 22:30:18|now create process ["I:\TDDOWNLOAD\aspWebServer\bin\extworker.exe"]
Wed 28 Dec 20:43:10|listen *:58031[tcp6] for http success
Wed 28 Dec 20:43:10|listen *:58031[tcp4] for http success
Wed 28 Dec 20:43:10|listen *:3311[tcp6] for manage success
Wed 28 Dec 20:43:10|listen *:3311[tcp4] for manage success
Wed 28 Dec 20:43:10|Start success [pid=7464].
Wed 28 Dec 20:43:22|now create process ["I:\TDDOWNLOAD\aspWebServer\bin\extworker.exe"]
Wed 28 Dec 22:37:56|listen *:58031[tcp6] for http success
Wed 28 Dec 22:37:56|listen *:58031[tcp4] for http success
Wed 28 Dec 22:37:56|listen *:3311[tcp6] for manage success
Wed 28 Dec 22:37:56|listen *:3311[tcp4] for manage success
Wed 28 Dec 22:37:56|Start success [pid=10840].
Wed 28 Dec 22:37:56|now create process ["I:\TDDOWNLOAD\aspWebServer\bin\extworker.exe"]
Wed 28 Dec 22:40:10|listen *:58031[tcp6] for http success
Wed 28 Dec 22:40:10|listen *:58031[tcp4] for http success
Wed 28 Dec 22:40:10|listen *:3311[tcp6] for manage success
Wed 28 Dec 22:40:10|listen *:3311[tcp4] for manage success
Wed 28 Dec 22:40:10|Start success [pid=1296].
Wed 28 Dec 22:40:13|now create process ["I:\TDDOWNLOAD\aspWebServer\bin\extworker.exe"]
Thu 29 Dec 21:22:39|listen *:58031[tcp6] for http success
Thu 29 Dec 21:22:39|listen *:58031[tcp4] for http success
Thu 29 Dec 21:22:39|listen *:3311[tcp6] for manage success
Thu 29 Dec 21:22:39|listen *:3311[tcp4] for manage success
Thu 29 Dec 21:22:39|Start success [pid=2100].
Thu 29 Dec 21:22:39|now create process ["I:\TDDOWNLOAD\aspWebServer\bin\extworker.exe"]
Thu 29 Dec 22:10:38|now create process ["I:\TDDOWNLOAD\aspWebServer\bin\extworker.exe"]
Sat 31 Dec 10:26:58|listen *:58031[tcp6] for http success
Sat 31 Dec 10:26:58|listen *:58031[tcp4] for http success
Sat 31 Dec 10:26:58|listen *:3311[tcp6] for manage success
Sat 31 Dec 10:26:58|listen *:3311[tcp4] for manage success
Sat 31 Dec 10:26:58|Start success [pid=3128].
Sat 31 Dec 10:27:00|now create process ["I:\TDDOWNLOAD\aspWebServer\bin\extworker.exe"]
Sat 31 Dec 11:01:28|listen *:58031[tcp6] for http success
Sat 31 Dec 11:01:28|listen *:58031[tcp4] for http success
Sat 31 Dec 11:01:28|listen *:3311[tcp6] for manage success
Sat 31 Dec 11:01:28|listen *:3311[tcp4] for manage success
Sat 31 Dec 11:01:28|Start success [pid=11312].
Sat 31 Dec 11:01:28|now create process ["I:\TDDOWNLOAD\aspWebServer\bin\extworker.exe"]
Mon 09 Jan 19:02:34|listen *:58031[tcp6] for http success
Mon 09 Jan 19:02:34|listen *:58031[tcp4] for http success
Mon 09 Jan 19:02:34|listen *:3311[tcp6] for manage success
Mon 09 Jan 19:02:34|listen *:3311[tcp4] for manage success
Mon 09 Jan 19:02:34|Start success [pid=2312].
Mon 09 Jan 19:02:36|now create process ["I:\TDDOWNLOAD\aspWebServer\bin\extworker.exe"]
Mon 09 Jan 19:19:46|listen *:58031[tcp6] for http success
Mon 09 Jan 19:19:46|listen *:58031[tcp4] for http success
Mon 09 Jan 19:19:46|listen *:3311[tcp6] for manage success
Mon 09 Jan 19:19:46|listen *:3311[tcp4] for manage success
Mon 09 Jan 19:19:46|Start success [pid=7272].
Mon 09 Jan 19:19:47|now create process ["I:\TDDOWNLOAD\aspWebServer\bin\extworker.exe"]
Mon 09 Jan 21:02:59|listen *:58031[tcp6] for http success
Mon 09 Jan 21:02:59|listen *:58031[tcp4] for http success
Mon 09 Jan 21:02:59|listen *:3311[tcp6] for manage success
Mon 09 Jan 21:02:59|listen *:3311[tcp4] for manage success
Mon 09 Jan 21:02:59|Start success [pid=9864].
Mon 09 Jan 21:02:59|now create process ["I:\TDDOWNLOAD\aspWebServer\bin\extworker.exe"]
Tue 10 Jan 18:49:45|listen *:58031[tcp6] for http success
Tue 10 Jan 18:49:45|listen *:58031[tcp4] for http success
Tue 10 Jan 18:49:45|listen *:3311[tcp6] for manage success
Tue 10 Jan 18:49:45|listen *:3311[tcp4] for manage success
Tue 10 Jan 18:49:45|Start success [pid=3860].
Tue 10 Jan 18:49:45|now create process ["I:\TDDOWNLOAD\aspWebServer\bin\extworker.exe"]
Fri 13 Jan 11:32:28|listen *:58031[tcp6] for http success
Fri 13 Jan 11:32:28|listen *:58031[tcp4] for http success
Fri 13 Jan 11:32:28|listen *:3311[tcp6] for manage success
Fri 13 Jan 11:32:28|listen *:3311[tcp4] for manage success
Fri 13 Jan 11:32:28|Start success [pid=8088].
Fri 13 Jan 11:32:32|now create process ["I:\TDDOWNLOAD\aspWebServer\bin\extworker.exe"]
Fri 13 Jan 11:46:47|listen *:58031[tcp6] for http success
Fri 13 Jan 11:46:47|listen *:58031[tcp4] for http success
Fri 13 Jan 11:46:47|listen *:3311[tcp6] for manage success
Fri 13 Jan 11:46:47|listen *:3311[tcp4] for manage success
Fri 13 Jan 11:46:47|Start success [pid=8352].
Fri 13 Jan 11:46:48|now create process ["I:\TDDOWNLOAD\aspWebServer\bin\extworker.exe"]
Fri 13 Jan 12:01:46|listen *:58031[tcp6] for http success
Fri 13 Jan 12:01:46|listen *:58031[tcp4] for http success
Fri 13 Jan 12:01:46|listen *:3311[tcp6] for manage success
Fri 13 Jan 12:01:46|listen *:3311[tcp4] for manage success
Fri 13 Jan 12:01:46|Start success [pid=1664].
Fri 13 Jan 12:01:46|now create process ["I:\TDDOWNLOAD\aspWebServer\bin\extworker.exe"]
Fri 13 Jan 12:03:19|listen *:58031[tcp6] for http success
Fri 13 Jan 12:03:19|listen *:58031[tcp4] for http success
Fri 13 Jan 12:03:19|listen *:3311[tcp6] for manage success
Fri 13 Jan 12:03:19|listen *:3311[tcp4] for manage success
Fri 13 Jan 12:03:19|Start success [pid=5316].
Fri 13 Jan 12:03:19|now create process ["I:\TDDOWNLOAD\aspWebServer\bin\extworker.exe"]
Fri 13 Jan 12:54:50|listen *:58031[tcp6] for http success
Fri 13 Jan 12:54:50|listen *:58031[tcp4] for http success
Fri 13 Jan 12:54:50|listen *:3311[tcp6] for manage success
Fri 13 Jan 12:54:50|listen *:3311[tcp4] for manage success
Fri 13 Jan 12:54:50|Start success [pid=1732].
Fri 13 Jan 12:54:50|now create process ["I:\TDDOWNLOAD\aspWebServer\bin\extworker.exe"]
Fri 13 Jan 12:58:10|listen *:58031[tcp6] for http success
Fri 13 Jan 12:58:10|listen *:58031[tcp4] for http success
Fri 13 Jan 12:58:10|listen *:3311[tcp6] for manage success
Fri 13 Jan 12:58:10|listen *:3311[tcp4] for manage success
Fri 13 Jan 12:58:10|Start success [pid=6304].
Fri 13 Jan 12:58:10|now create process ["I:\TDDOWNLOAD\aspWebServer\bin\extworker.exe"]
Fri 13 Jan 13:11:20|now create process ["I:\TDDOWNLOAD\aspWebServer\bin\extworker.exe"]
Fri 13 Jan 14:26:56|now create process ["I:\TDDOWNLOAD\aspWebServer\bin\extworker.exe"]
Fri 13 Jan 14:47:42|now create process ["I:\TDDOWNLOAD\aspWebServer\bin\extworker.exe"]
Fri 13 Jan 15:02:19|listen *:58031[tcp6] for http success
Fri 13 Jan 15:02:19|listen *:58031[tcp4] for http success
Fri 13 Jan 15:02:19|listen *:3311[tcp6] for manage success
Fri 13 Jan 15:02:19|listen *:3311[tcp4] for manage success
Fri 13 Jan 15:02:19|Start success [pid=9972].
Fri 13 Jan 15:02:19|now create process ["I:\TDDOWNLOAD\aspWebServer\bin\extworker.exe"]
Fri 13 Jan 16:34:30|now create process ["I:\TDDOWNLOAD\aspWebServer\bin\extworker.exe"]
Tue 17 Jan 18:54:11|listen *:58031[tcp6] for http success
Tue 17 Jan 18:54:11|listen *:58031[tcp4] for http success
Tue 17 Jan 18:54:11|listen *:3311[tcp6] for manage success
Tue 17 Jan 18:54:11|listen *:3311[tcp4] for manage success
Tue 17 Jan 18:54:11|Start success [pid=7268].
Tue 17 Jan 18:54:13|now create process ["I:\TDDOWNLOAD\aspWebServer\bin\extworker.exe"]
Wed 25 Jan 09:57:30|listen *:58031[tcp6] for http success
Wed 25 Jan 09:57:30|listen *:58031[tcp4] for http success
Wed 25 Jan 09:57:30|listen *:3311[tcp6] for manage success
Wed 25 Jan 09:57:30|listen *:3311[tcp4] for manage success
Wed 25 Jan 09:57:30|Start success [pid=12460].
Wed 25 Jan 09:57:33|now create process ["I:\TDDOWNLOAD\aspWebServer\bin\extworker.exe"]
Mon 30 Jan 21:11:58|listen *:58031[tcp6] for http success
Mon 30 Jan 21:11:58|listen *:58031[tcp4] for http success
Mon 30 Jan 21:11:58|listen *:3311[tcp6] for manage success
Mon 30 Jan 21:11:58|listen *:3311[tcp4] for manage success
Mon 30 Jan 21:11:58|Start success [pid=1132].
Mon 30 Jan 21:12:05|now create process ["I:\TDDOWNLOAD\aspWebServer\bin\extworker.exe"]
Tue 31 Jan 00:32:38|listen *:58031[tcp6] for http success
Tue 31 Jan 00:32:38|listen *:58031[tcp4] for http success
Tue 31 Jan 00:32:38|listen *:3311[tcp6] for manage success
Tue 31 Jan 00:32:38|listen *:3311[tcp4] for manage success
Tue 31 Jan 00:32:38|Start success [pid=6176].
Tue 31 Jan 00:32:38|now create process ["I:\TDDOWNLOAD\aspWebServer\bin\extworker.exe"]
Tue 31 Jan 03:00:48|now create process ["I:\TDDOWNLOAD\aspWebServer\bin/autoupdate.exe" "I:\TDDOWNLOAD\aspWebServer\\" "kangle" "install"]
Tue 31 Jan 13:15:27|listen *:58031[tcp6] for http success
Tue 31 Jan 13:15:27|listen *:58031[tcp4] for http success
Tue 31 Jan 13:15:27|listen *:3311[tcp6] for manage success
Tue 31 Jan 13:15:27|listen *:3311[tcp4] for manage success
Tue 31 Jan 13:15:27|Start success [pid=9084].
Tue 31 Jan 13:15:29|now create process ["I:\TDDOWNLOAD\aspWebServer\bin\extworker.exe"]
Tue 31 Jan 21:06:55|listen *:58031[tcp6] for http success
Tue 31 Jan 21:06:55|listen *:58031[tcp4] for http success
Tue 31 Jan 21:06:55|listen *:3311[tcp6] for manage success
Tue 31 Jan 21:06:55|listen *:3311[tcp4] for manage success
Tue 31 Jan 21:06:55|Start success [pid=4720].
Tue 31 Jan 21:06:55|now create process ["I:\TDDOWNLOAD\aspWebServer\bin\extworker.exe"]
Sun 05 Mar 02:00:57|listen *:58031[tcp6] for http success
Sun 05 Mar 02:00:57|listen *:58031[tcp4] for http success
Sun 05 Mar 02:00:57|listen *:3311[tcp6] for manage success
Sun 05 Mar 02:00:57|listen *:3311[tcp4] for manage success
Sun 05 Mar 02:00:57|Start success [pid=9148].
Sun 05 Mar 02:01:15|now create process ["I:\TDDOWNLOAD\aspWebServer\bin\extworker.exe"]
Sun 05 Mar 03:00:07|now create process ["I:\TDDOWNLOAD\aspWebServer\bin/autoupdate.exe" "I:\TDDOWNLOAD\aspWebServer\\" "kangle" "install"]
Sun 05 Mar 12:45:16|listen *:58031[tcp6] for http success
Sun 05 Mar 12:45:16|listen *:58031[tcp4] for http success
Sun 05 Mar 12:45:16|listen *:3311[tcp6] for manage success
Sun 05 Mar 12:45:16|listen *:3311[tcp4] for manage success
Sun 05 Mar 12:45:16|Start success [pid=8024].
Sun 05 Mar 12:45:21|now create process ["I:\TDDOWNLOAD\aspWebServer\bin\extworker.exe"]
Sat 11 Mar 17:41:08|listen *:58031[tcp6] for http success
Sat 11 Mar 17:41:08|listen *:58031[tcp4] for http success
Sat 11 Mar 17:41:08|listen *:3311[tcp6] for manage success
Sat 11 Mar 17:41:08|listen *:3311[tcp4] for manage success
Sat 11 Mar 17:41:08|Start success [pid=7544].
Sat 11 Mar 17:41:09|now create process ["I:\TDDOWNLOAD\aspWebServer\bin\extworker.exe"]
Thu 16 Mar 19:38:35|listen *:58031[tcp6] for http success
Thu 16 Mar 19:38:35|listen *:58031[tcp4] for http success
Thu 16 Mar 19:38:35|listen *:3311[tcp6] for manage success
Thu 16 Mar 19:38:35|listen *:3311[tcp4] for manage success
Thu 16 Mar 19:38:35|Start success [pid=3892].
Thu 16 Mar 19:38:39|now create process ["I:\TDDOWNLOAD\aspWebServer\bin\extworker.exe"]
Mon 20 Mar 21:24:37|listen *:58031[tcp6] for http success
Mon 20 Mar 21:24:37|listen *:58031[tcp4] for http success
Mon 20 Mar 21:24:37|listen *:3311[tcp6] for manage success
Mon 20 Mar 21:24:37|listen *:3311[tcp4] for manage success
Mon 20 Mar 21:24:37|Start success [pid=11228].
Mon 20 Mar 21:24:39|now create process ["I:\TDDOWNLOAD\aspWebServer\bin\extworker.exe"]
Sun 26 Mar 12:48:29|listen *:58031[tcp6] for http success
Sun 26 Mar 12:48:29|listen *:58031[tcp4] for http success
Sun 26 Mar 12:48:29|listen *:3311[tcp6] for manage success
Sun 26 Mar 12:48:29|listen *:3311[tcp4] for manage success
Sun 26 Mar 12:48:29|Start success [pid=9348].
Sun 26 Mar 12:48:48|now create process ["I:\TDDOWNLOAD\aspWebServer\bin\extworker.exe"]
Fri 31 Mar 22:02:27|listen *:58031[tcp6] for http success
Fri 31 Mar 22:02:27|listen *:58031[tcp4] for http success
Fri 31 Mar 22:02:27|listen *:3311[tcp6] for manage success
Fri 31 Mar 22:02:27|listen *:3311[tcp4] for manage success
Fri 31 Mar 22:02:27|Start success [pid=8372].
Fri 31 Mar 22:02:30|now create process ["I:\TDDOWNLOAD\aspWebServer\bin\extworker.exe"]
Mon 17 Apr 19:55:08|listen *:58031[tcp6] for http success
Mon 17 Apr 19:55:08|listen *:58031[tcp4] for http success
Mon 17 Apr 19:55:08|listen *:3311[tcp6] for manage success
Mon 17 Apr 19:55:08|listen *:3311[tcp4] for manage success
Mon 17 Apr 19:55:08|Start success [pid=6704].
Mon 17 Apr 19:55:12|now create process ["I:\TDDOWNLOAD\aspWebServer\bin\extworker.exe"]
Mon 17 Apr 19:57:20|listen *:58031[tcp6] for http success
Mon 17 Apr 19:57:20|listen *:58031[tcp4] for http success
Mon 17 Apr 19:57:20|listen *:3311[tcp6] for manage success
Mon 17 Apr 19:57:20|listen *:3311[tcp4] for manage success
Mon 17 Apr 19:57:20|Start success [pid=7196].
Mon 17 Apr 19:57:20|now create process ["I:\TDDOWNLOAD\aspWebServer\bin\extworker.exe"]
Mon 17 Apr 19:57:33|listen *:58031[tcp6] for http success
Mon 17 Apr 19:57:33|listen *:58031[tcp4] for http success
Mon 17 Apr 19:57:33|listen *:3311[tcp6] for manage success
Mon 17 Apr 19:57:33|listen *:3311[tcp4] for manage success
Mon 17 Apr 19:57:33|Start success [pid=6948].
Mon 17 Apr 19:57:33|now create process ["I:\TDDOWNLOAD\aspWebServer\bin\extworker.exe"]
Mon 24 Apr 20:14:12|listen *:58031[tcp6] for http success
Mon 24 Apr 20:14:12|listen *:58031[tcp4] for http success
Mon 24 Apr 20:14:12|listen *:3311[tcp6] for manage success
Mon 24 Apr 20:14:12|listen *:3311[tcp4] for manage success
Mon 24 Apr 20:14:12|Start success [pid=8628].
Mon 24 Apr 20:14:14|listen *:58031[tcp6] for http success
Mon 24 Apr 20:14:14|listen *:58031[tcp4] for http success
Mon 24 Apr 20:14:14|listen *:3311[tcp6] for manage success
Mon 24 Apr 20:14:14|listen *:3311[tcp4] for manage success
Mon 24 Apr 20:14:14|Start success [pid=6604].
Mon 24 Apr 20:16:23|now create process ["I:\TDDOWNLOAD\aspWebServer\bin\extworker.exe"]
Mon 24 Apr 20:17:10|listen *:58031[tcp6] for http success
Mon 24 Apr 20:17:10|listen *:58031[tcp4] for http success
Mon 24 Apr 20:17:10|listen *:3311[tcp6] for manage success
Mon 24 Apr 20:17:10|listen *:3311[tcp4] for manage success
Mon 24 Apr 20:17:10|Start success [pid=10192].
Mon 24 Apr 20:17:12|now create process ["I:\TDDOWNLOAD\aspWebServer\bin\extworker.exe"]
Tue 25 Apr 19:42:47|listen *:58031[tcp6] for http success
Tue 25 Apr 19:42:47|listen *:58031[tcp4] for http success
Tue 25 Apr 19:42:47|listen *:3311[tcp6] for manage success
Tue 25 Apr 19:42:47|listen *:3311[tcp4] for manage success
Tue 25 Apr 19:42:47|Start success [pid=7952].
Tue 25 Apr 19:42:47|now create process ["I:\TDDOWNLOAD\aspWebServer\bin\extworker.exe"]
Wed 03 May 19:32:12|listen *:58031[tcp6] for http success
Wed 03 May 19:32:12|listen *:58031[tcp4] for http success
Wed 03 May 19:32:12|listen *:3311[tcp6] for manage success
Wed 03 May 19:32:12|listen *:3311[tcp4] for manage success
Wed 03 May 19:32:13|Start success [pid=4456].
Wed 03 May 19:32:16|now create process ["I:\TDDOWNLOAD\aspWebServer\bin\extworker.exe"]
Wed 03 May 20:46:07|listen *:58031[tcp6] for http success
Wed 03 May 20:46:07|listen *:58031[tcp4] for http success
Wed 03 May 20:46:07|listen *:3311[tcp6] for manage success
Wed 03 May 20:46:07|listen *:3311[tcp4] for manage success
Wed 03 May 20:46:07|Start success [pid=4400].
Wed 03 May 20:46:10|now create process ["I:\TDDOWNLOAD\aspWebServer\bin\extworker.exe"]
Wed 03 May 20:46:13|CreateProcess error code=997
Wed 03 May 20:46:13|reinit win user right now.
Thu 04 May 13:39:55|listen *:58031[tcp6] for http success
Thu 04 May 13:39:55|listen *:58031[tcp4] for http success
Thu 04 May 13:39:55|listen *:3311[tcp6] for manage success
Thu 04 May 13:39:55|listen *:3311[tcp4] for manage success
Thu 04 May 13:39:55|Start success [pid=22008].
Thu 04 May 13:40:03|now create process ["D:\445915\resource\aspWebServer\bin\extworker.exe"]
Thu 04 May 14:00:22|now create process ["D:\445915\resource\aspWebServer\bin\extworker.exe"]
